# Finance Radar — Ralph Loop progress log
# 追加式，单行格式：iter N | YYYY-MM-DD HH:MM | <git HEAD short> | tests <passed/N> | <一句话总结>
# 第 1-33 轮历史在 git log 与 DECISIONS.md 里，本文件从 iter 34 开始记录
iter 34a | 2026-05-17 16:09 | bdef04a | tests 167/167 | ralph loop 脚手架（ralph_loop.sh + loop_prompt + progress.log）+ 文档同步
iter 34b | 2026-05-17 16:33 | 5cb5f17 | tests 179/179 | visual_check.sh + template + loop_prompt §4.5 multimodal 自检（chromium 待用户首装）
iter 35 | 2026-05-17 17:03 | aae7dd3 | tests 197/197 | 指标 source 列改可点击官方页外链（FRED/YF/OECD/CBOE 前缀 + registry source_url）
iter 36 | 2026-05-17 17:39 | ac06ce3 | tests 197/197 | empty 行 source 链接 + GitHub 公开化（filter-branch + THESIS_PUBLIC + LICENSE + README 重写 + push）
iter 37 | 2026-05-17 18:27 | c04960d | tests 197/197 | README 重写技术文档版（0 emoji / 0 营销词）+ PLAN 14 轮路线图 + DECISIONS ADR
iter 38 | 2026-05-17 19:40 | 697af58 | tests 244/244 | 历史 cache DB 基础设施（history_db/fetcher/backfill_history + 47 测试）+ akshare 方案 B 不引入
iter 39 | 2026-05-17 20:04 | 825dec3 | tests 267/267 | Sparkline 90 天微折线（SVG + 阈值带 + 末点高亮 + 占位）+ 8 真实/2 占位
iter 40 | 2026-05-17 20:29 | 1b8e02b | tests 288/288 | Sparkline 可点击 + /indicator/<name> plotly 大图 + base.html + 顶部 nav 多页架构
iter 41 | 2026-05-17 20:43 | b5da887 | tests 310/310 | 同环比对比 7d/30d/90d 列 + 红绿恶化标识
iter 42 | 2026-05-17 20:55 | e435a0e | tests 327/327 | Z-score 列（5 年分布 + 极端方向判定 + hover 百分位）
iter 43 | 2026-05-17 21:04 | a7c4d32 | tests 341/341 | 加速度 Δ 列（短 5d / 长 20d 斜率 + 加速恶化判定）
iter 44 | 2026-05-17 21:11 | ce87e3e | tests 362/362 | 政策维度 3 条 + 权重重平衡（ON RRP 真红字流动性预警）
iter 45 | 2026-05-17 21:16 | cf481da | tests 375/375 | VVIX + SKEW 波动率结构（yahoo 限速 backfill 漏拉）
iter 46 | 2026-05-17 22:09 | f39af4b | tests 400/400 | FRA-OIS 代理 + 中国 3 条（外储 USDCNY CNY10Y）+ 7 维度重平衡 + 综合分跨入 YELLOW
iter 48 | 2026-05-17 22:12 | 8ca6fb8 | tests 418/418 | 异常事件流 /events 页（翻档+突破+突变三类）+ nav 事件激活
iter 49 | 2026-05-17 22:15 | 0be21af | tests 433/433 | 5 剧本检测器（A 美元荒 / B 基差 / C 日本 carry / D AI / E 信用）+ dashboard 卡片
iter 50 | 2026-05-17 23:10 | df01283 | tests 443/443 | 风险矩阵热力图 + 温度计时间线 2 年（plotly + 三档背景）+ nav 4/5 激活
iter 51 | 2026-05-17 23:14 | df95205 | tests 458/458 | 政策对冲对比 + 阈值校准面板（路线图终点）
iter 52 | 2026-05-17 23:55 | 431389b | tests 484/484 | 历史回测 src/backtest/ 三件套 + cache 9696→38059 + COVID 488 天验证（阈值偏迟钝待校准）
iter 53 | 2026-05-18 00:07 | 89b8a81 | tests 492/492 | 2022 加息熊市 RED 39 天 + 三窗口 SUMMARY.md（缺失模式定位 iter 55 校准）
iter 54 | 2026-05-18 00:27 | 78a8646 | tests 492/492 | 2008 雷曼周回测（VIX 36 + TED 3 仍 YELLOW 32 因 missing）+ 三窗口 SUMMARY 完整
